This is pdfTeX, Version 3.141592653-2.6-1.40.26 (TeX Live 2024) (preloaded format=pdflatex 2024.12.15)  18 DEC 2024 15:16
entering extended mode
 restricted \write18 enabled.
 file:line:error style messages enabled.
 %&-line parsing enabled.
**"/Users/dding/Git Projects/Lyapunov Apporach to NLP/tex/main.tex"
(/Users/dding/Git Projects/Lyapunov Apporach to NLP/tex/main.tex
LaTeX2e <2024-11-01> patch level 1
L3 programming layer <2024-11-02>
(./IEEEtranTIE.cls
Document Class: IEEEtranTIE 2015/08/26 V1.8b by Michael Shell
-- See the "IEEEtran_HOWTO" manual for usage information.
-- http://www.michaelshell.org/tex/ieeetran/
\@IEEEtrantmpdimenA=\dimen141
\@IEEEtrantmpdimenB=\dimen142
\@IEEEtrantmpdimenC=\dimen143
\@IEEEtrantmpcountA=\count196
\@IEEEtrantmpcountB=\count197
\@IEEEtrantmpcountC=\count198
\@IEEEtrantmptoksA=\toks17
LaTeX Font Info:    Trying to load font information for OT1+ptm on input line 505.
(/usr/local/texlive/2024/texmf-dist/tex/latex/psnfss/ot1ptm.fd
File: ot1ptm.fd 2001/06/04 font definitions for OT1/ptm.
)
-- Using 8.5in x 11in (letter) paper.
-- Using PDF output.
\@IEEEnormalsizeunitybaselineskip=\dimen144
-- This is a 10 point document.
\CLASSINFOnormalsizebaselineskip=\dimen145
\CLASSINFOnormalsizeunitybaselineskip=\dimen146
\IEEEnormaljot=\dimen147
LaTeX Font Info:    Font shape `OT1/ptm/bx/n' in size <5> not available
(Font)              Font shape `OT1/ptm/b/n' tried instead on input line 1092.
LaTeX Font Info:    Font shape `OT1/ptm/bx/it' in size <5> not available
(Font)              Font shape `OT1/ptm/b/it' tried instead on input line 1092.
LaTeX Font Info:    Font shape `OT1/ptm/bx/n' in size <7> not available
(Font)              Font shape `OT1/ptm/b/n' tried instead on input line 1092.
LaTeX Font Info:    Font shape `OT1/ptm/bx/it' in size <7> not available
(Font)              Font shape `OT1/ptm/b/it' tried instead on input line 1092.
LaTeX Font Info:    Font shape `OT1/ptm/bx/n' in size <8> not available
(Font)              Font shape `OT1/ptm/b/n' tried instead on input line 1092.
LaTeX Font Info:    Font shape `OT1/ptm/bx/it' in size <8> not available
(Font)              Font shape `OT1/ptm/b/it' tried instead on input line 1092.
LaTeX Font Info:    Font shape `OT1/ptm/bx/n' in size <9> not available
(Font)              Font shape `OT1/ptm/b/n' tried instead on input line 1092.
LaTeX Font Info:    Font shape `OT1/ptm/bx/it' in size <9> not available
(Font)              Font shape `OT1/ptm/b/it' tried instead on input line 1092.
LaTeX Font Info:    Font shape `OT1/ptm/bx/n' in size <10> not available
(Font)              Font shape `OT1/ptm/b/n' tried instead on input line 1092.
LaTeX Font Info:    Font shape `OT1/ptm/bx/it' in size <10> not available
(Font)              Font shape `OT1/ptm/b/it' tried instead on input line 1092.
LaTeX Font Info:    Font shape `OT1/ptm/bx/n' in size <11> not available
(Font)              Font shape `OT1/ptm/b/n' tried instead on input line 1092.
LaTeX Font Info:    Font shape `OT1/ptm/bx/it' in size <11> not available
(Font)              Font shape `OT1/ptm/b/it' tried instead on input line 1092.
LaTeX Font Info:    Font shape `OT1/ptm/bx/n' in size <12> not available
(Font)              Font shape `OT1/ptm/b/n' tried instead on input line 1092.
LaTeX Font Info:    Font shape `OT1/ptm/bx/it' in size <12> not available
(Font)              Font shape `OT1/ptm/b/it' tried instead on input line 1092.
LaTeX Font Info:    Font shape `OT1/ptm/bx/n' in size <17> not available
(Font)              Font shape `OT1/ptm/b/n' tried instead on input line 1092.
LaTeX Font Info:    Font shape `OT1/ptm/bx/it' in size <17> not available
(Font)              Font shape `OT1/ptm/b/it' tried instead on input line 1092.
LaTeX Font Info:    Font shape `OT1/ptm/bx/n' in size <20> not available
(Font)              Font shape `OT1/ptm/b/n' tried instead on input line 1092.
LaTeX Font Info:    Font shape `OT1/ptm/bx/it' in size <20> not available
(Font)              Font shape `OT1/ptm/b/it' tried instead on input line 1092.
LaTeX Font Info:    Font shape `OT1/ptm/bx/n' in size <24> not available
(Font)              Font shape `OT1/ptm/b/n' tried instead on input line 1092.
LaTeX Font Info:    Font shape `OT1/ptm/bx/it' in size <24> not available
(Font)              Font shape `OT1/ptm/b/it' tried instead on input line 1092.
\IEEEquantizedlength=\dimen148
\IEEEquantizedlengthdiff=\dimen149
\IEEEquantizedtextheightdiff=\dimen150
\IEEEilabelindentA=\dimen151
\IEEEilabelindentB=\dimen152
\IEEEilabelindent=\dimen153
\IEEEelabelindent=\dimen154
\IEEEdlabelindent=\dimen155
\IEEElabelindent=\dimen156
\IEEEiednormlabelsep=\dimen157
\IEEEiedmathlabelsep=\dimen158
\IEEEiedtopsep=\skip49
\c@section=\count199
\c@subsection=\count266
\c@subsubsection=\count267
\c@paragraph=\count268
\c@IEEEsubequation=\count269
\abovecaptionskip=\skip50
\belowcaptionskip=\skip51
\c@figure=\count270
\c@table=\count271
\@IEEEeqnnumcols=\count272
\@IEEEeqncolcnt=\count273
\@IEEEsubeqnnumrollback=\count274
\@IEEEquantizeheightA=\dimen159
\@IEEEquantizeheightB=\dimen160
\@IEEEquantizeheightC=\dimen161
\@IEEEquantizeprevdepth=\dimen162
\@IEEEquantizemultiple=\count275
\@IEEEquantizeboxA=\box52
\@IEEEtmpitemindent=\dimen163
\IEEEPARstartletwidth=\dimen164
\c@IEEEbiography=\count276
\@IEEEtranrubishbin=\box53
) (/usr/local/texlive/2024/texmf-dist/tex/latex/graphics/graphicx.sty
Package: graphicx 2021/09/16 v1.2d Enhanced LaTeX Graphics (DPC,SPQR)
 (/usr/local/texlive/2024/texmf-dist/tex/latex/graphics/keyval.sty
Package: keyval 2022/05/29 v1.15 key=value parser (DPC)
\KV@toks@=\toks18
) (/usr/local/texlive/2024/texmf-dist/tex/latex/graphics/graphics.sty
Package: graphics 2024/08/06 v1.4g Standard LaTeX Graphics (DPC,SPQR)
 (/usr/local/texlive/2024/texmf-dist/tex/latex/graphics/trig.sty
Package: trig 2023/12/02 v1.11 sin cos tan (DPC)
) (/usr/local/texlive/2024/texmf-dist/tex/latex/graphics-cfg/graphics.cfg
File: graphics.cfg 2016/06/04 v1.11 sample graphics configuration
)
Package graphics Info: Driver file: pdftex.def on input line 106.
 (/usr/local/texlive/2024/texmf-dist/tex/latex/graphics-def/pdftex.def
File: pdftex.def 2024/04/13 v1.2c Graphics/color driver for pdftex
))
\Gin@req@height=\dimen165
\Gin@req@width=\dimen166
) (/usr/local/texlive/2024/texmf-dist/tex/latex/cite/cite.sty
LaTeX Info: Redefining \cite on input line 302.
LaTeX Info: Redefining \nocite on input line 332.
Package: cite 2015/02/27  v 5.5
) (/usr/local/texlive/2024/texmf-dist/tex/latex/picinpar/picinpar.sty
Pictures in Paragraphs. Version 1.3, November 22, 2022
\br=\count277
\bl=\count278
\na=\count279
\nb=\count280
\tcdsav=\count281
\tcl=\count282
\tcd=\count283
\tcn=\count284
\cumtcl=\count285
\cumpartcl=\count286
\lftside=\dimen167
\rtside=\dimen168
\hpic=\dimen169
\vpic=\dimen170
\strutilg=\dimen171
\picwd=\dimen172
\topheight=\dimen173
\ilg=\dimen174
\lpic=\dimen175
\lwindowsep=\dimen176
\rwindowsep=\dimen177
\cumpar=\dimen178
\twa=\toks19
\la=\toks20
\ra=\toks21
\ha=\toks22
\pictoc=\toks23
\rawtext=\box54
\holder=\box55
\windowbox=\box56
\wartext=\box57
\finaltext=\box58
\aslice=\box59
\bslice=\box60
\wbox=\box61
\wstrutbox=\box62
\picbox=\box63
\waslice=\box64
\wbslice=\box65
\fslice=\box66
) (/usr/local/texlive/2024/texmf-dist/tex/latex/amsmath/amsmath.sty
Package: amsmath 2024/11/05 v2.17t AMS math features
\@mathmargin=\skip52

For additional information on amsmath, use the `?' option.
(/usr/local/texlive/2024/texmf-dist/tex/latex/amsmath/amstext.sty
Package: amstext 2021/08/26 v2.01 AMS text
 (/usr/local/texlive/2024/texmf-dist/tex/latex/amsmath/amsgen.sty
File: amsgen.sty 1999/11/30 v2.0 generic functions
\@emptytoks=\toks24
\ex@=\dimen179
)) (/usr/local/texlive/2024/texmf-dist/tex/latex/amsmath/amsbsy.sty
Package: amsbsy 1999/11/29 v1.2d Bold Symbols
\pmbraise@=\dimen180
) (/usr/local/texlive/2024/texmf-dist/tex/latex/amsmath/amsopn.sty
Package: amsopn 2022/04/08 v2.04 operator names
)
\inf@bad=\count287
LaTeX Info: Redefining \frac on input line 233.
\uproot@=\count288
\leftroot@=\count289
LaTeX Info: Redefining \overline on input line 398.
LaTeX Info: Redefining \colon on input line 409.
\classnum@=\count290
\DOTSCASE@=\count291
LaTeX Info: Redefining \ldots on input line 495.
LaTeX Info: Redefining \dots on input line 498.
LaTeX Info: Redefining \cdots on input line 619.
\Mathstrutbox@=\box67
\strutbox@=\box68
LaTeX Info: Redefining \big on input line 721.
LaTeX Info: Redefining \Big on input line 722.
LaTeX Info: Redefining \bigg on input line 723.
LaTeX Info: Redefining \Bigg on input line 724.
\big@size=\dimen181
LaTeX Font Info:    Redeclaring font encoding OML on input line 742.
LaTeX Font Info:    Redeclaring font encoding OMS on input line 743.
\macc@depth=\count292
LaTeX Info: Redefining \bmod on input line 904.
LaTeX Info: Redefining \pmod on input line 909.
LaTeX Info: Redefining \smash on input line 939.
LaTeX Info: Redefining \relbar on input line 969.
LaTeX Info: Redefining \Relbar on input line 970.
\c@MaxMatrixCols=\count293
\dotsspace@=\muskip17
\c@parentequation=\count294
\dspbrk@lvl=\count295
\tag@help=\toks25
\row@=\count296
\column@=\count297
\maxfields@=\count298
\andhelp@=\toks26
\eqnshift@=\dimen182
\alignsep@=\dimen183
\tagshift@=\dimen184
\tagwidth@=\dimen185
\totwidth@=\dimen186
\lineht@=\dimen187
\@envbody=\toks27
\multlinegap=\skip53
\multlinetaggap=\skip54
\mathdisplay@stack=\toks28
LaTeX Info: Redefining \[ on input line 2953.
LaTeX Info: Redefining \] on input line 2954.
) (/usr/local/texlive/2024/texmf-dist/tex/latex/url/url.sty
\Urlmuskip=\muskip18
Package: url 2013/09/16  ver 3.4  Verb mode for urls, etc.
) (/usr/local/texlive/2024/texmf-dist/tex/latex/sttools/flushend.sty
Package: flushend 2021/10/04 v4.0 Balancing columns in twocolumn mode
\flushend@@lastskip@a=\skip55
\flushend@@lastskip@b=\skip56
\flushend@@lastnode=\count299
\var@@loop@iter=\count300
\var@@temp@spread=\dimen188
\var@@temp@a=\dimen189
\var@@temp@loop=\dimen190
\flushend@@page@rule=\dimen191
\flushend@@varbox@lastpage=\box69
\flushend@@varbox@a=\box70
\flushend@@varbox@c=\box71
\flushend@@tempbox@a=\box72
\flushend@@tempbox@c=\box73
\flushend@@floatbox=\box74
\@viper=\box75
\hold@viper=\box76
\atColsBreak=\toks29
\atColsEnd=\toks30
\oldbreak@skip=\dimen192
) (/usr/local/texlive/2024/texmf-dist/tex/latex/base/inputenc.sty
Package: inputenc 2024/02/08 v1.3d Input encoding file
\inpenc@prehook=\toks31
\inpenc@posthook=\toks32
 (/usr/local/texlive/2024/texmf-dist/tex/latex/base/latin1.def
File: latin1.def 2024/02/08 v1.3d Input encoding file
)) (/usr/local/texlive/2024/texmf-dist/tex/latex/colortbl/colortbl.sty
Package: colortbl 2024/07/06 v1.0i Color table columns (DPC)
 (/usr/local/texlive/2024/texmf-dist/tex/latex/tools/array.sty
Package: array 2024/10/17 v2.6g Tabular extension package (FMi)
\col@sep=\dimen193
\ar@mcellbox=\box77
\extrarowheight=\dimen194
\NC@list=\toks33
\extratabsurround=\skip57
\backup@length=\skip58
\ar@cellbox=\box78
) (/usr/local/texlive/2024/texmf-dist/tex/latex/graphics/color.sty
Package: color 2024/06/23 v1.3e Standard LaTeX Color (DPC)
 (/usr/local/texlive/2024/texmf-dist/tex/latex/graphics-cfg/color.cfg
File: color.cfg 2016/01/02 v1.6 sample color configuration
)
Package color Info: Driver file: pdftex.def on input line 149.
 (/usr/local/texlive/2024/texmf-dist/tex/latex/graphics/mathcolor.ltx))
\everycr=\toks34
\minrowclearance=\skip59
\rownum=\count301
) (/usr/local/texlive/2024/texmf-dist/tex/generic/soul/soul.sty
Package: soul 2023-06-14 v3.1 Permit use of UTF-8 characters in soul (HO)
 (/usr/local/texlive/2024/texmf-dist/tex/generic/soul/soul-ori.sty
Package: soul-ori 2023-06-14 v3.1 letterspacing/underlining (mf)
\SOUL@word=\toks35
\SOUL@lasttoken=\toks36
\SOUL@syllable=\toks37
\SOUL@cmds=\toks38
\SOUL@buffer=\toks39
\SOUL@token=\toks40
\SOUL@syllgoal=\dimen195
\SOUL@syllwidth=\dimen196
\SOUL@charkern=\dimen197
\SOUL@hyphkern=\dimen198
\SOUL@dimen=\dimen199
\SOUL@dimeni=\dimen256
\SOUL@minus=\count302
\SOUL@comma=\count303
\SOUL@apo=\count304
\SOUL@grave=\count305
\SOUL@spaceskip=\skip60
\SOUL@ttwidth=\dimen257
\SOUL@uldp=\dimen258
\SOUL@ulht=\dimen259
) (/usr/local/texlive/2024/texmf-dist/tex/generic/infwarerr/infwarerr.sty
Package: infwarerr 2019/12/03 v1.5 Providing info/warning/error messages (HO)
) (/usr/local/texlive/2024/texmf-dist/tex/generic/etexcmds/etexcmds.sty
Package: etexcmds 2019/12/15 v1.7 Avoid name clashes with e-TeX commands (HO)
 (/usr/local/texlive/2024/texmf-dist/tex/generic/iftex/iftex.sty
Package: iftex 2024/12/12 v1.0g TeX engine tests
))) (/usr/local/texlive/2024/texmf-dist/tex/latex/multirow/multirow.sty
Package: multirow 2024/11/12 v2.9 Span multiple rows of a table
\multirow@colwidth=\skip61
\multirow@cntb=\count306
\multirow@dima=\skip62
\bigstrutjot=\dimen260
) (/usr/local/texlive/2024/texmf-dist/tex/latex/psnfss/pifont.sty
Package: pifont 2020/03/25 PSNFSS-v9.3 Pi font support (SPQR) 
LaTeX Font Info:    Trying to load font information for U+pzd on input line 63.
 (/usr/local/texlive/2024/texmf-dist/tex/latex/psnfss/upzd.fd
File: upzd.fd 2001/06/04 font definitions for U/pzd.
)
LaTeX Font Info:    Trying to load font information for U+psy on input line 64.
 (/usr/local/texlive/2024/texmf-dist/tex/latex/psnfss/upsy.fd
File: upsy.fd 2001/06/04 font definitions for U/psy.
)) (/usr/local/texlive/2024/texmf-dist/tex/latex/base/alltt.sty
Package: alltt 2024/07/07 v2.0g defines alltt environment
) (/usr/local/texlive/2024/texmf-dist/tex/latex/hyperref/hyperref.sty
Package: hyperref 2024-11-05 v7.01l Hypertext links for LaTeX
 (/usr/local/texlive/2024/texmf-dist/tex/latex/kvsetkeys/kvsetkeys.sty
Package: kvsetkeys 2022-10-05 v1.19 Key value parser (HO)
) (/usr/local/texlive/2024/texmf-dist/tex/generic/kvdefinekeys/kvdefinekeys.sty
Package: kvdefinekeys 2019-12-19 v1.6 Define keys (HO)
) (/usr/local/texlive/2024/texmf-dist/tex/generic/pdfescape/pdfescape.sty
Package: pdfescape 2019/12/09 v1.15 Implements pdfTeX's escape features (HO)
 (/usr/local/texlive/2024/texmf-dist/tex/generic/ltxcmds/ltxcmds.sty
Package: ltxcmds 2023-12-04 v1.26 LaTeX kernel commands for general use (HO)
) (/usr/local/texlive/2024/texmf-dist/tex/generic/pdftexcmds/pdftexcmds.sty
Package: pdftexcmds 2020-06-27 v0.33 Utility functions of pdfTeX for LuaTeX (HO)
Package pdftexcmds Info: \pdf@primitive is available.
Package pdftexcmds Info: \pdf@ifprimitive is available.
Package pdftexcmds Info: \pdfdraftmode found.
)) (/usr/local/texlive/2024/texmf-dist/tex/latex/hycolor/hycolor.sty
Package: hycolor 2020-01-27 v1.10 Color options for hyperref/bookmark (HO)
) (/usr/local/texlive/2024/texmf-dist/tex/latex/hyperref/nameref.sty
Package: nameref 2023-11-26 v2.56 Cross-referencing by name of section
 (/usr/local/texlive/2024/texmf-dist/tex/latex/refcount/refcount.sty
Package: refcount 2019/12/15 v3.6 Data extraction from label references (HO)
) (/usr/local/texlive/2024/texmf-dist/tex/generic/gettitlestring/gettitlestring.sty
Package: gettitlestring 2019/12/15 v1.6 Cleanup title references (HO)
 (/usr/local/texlive/2024/texmf-dist/tex/latex/kvoptions/kvoptions.sty
Package: kvoptions 2022-06-15 v3.15 Key value format for package options (HO)
))
\c@section@level=\count307
) (/usr/local/texlive/2024/texmf-dist/tex/latex/etoolbox/etoolbox.sty
Package: etoolbox 2020/10/05 v2.5k e-TeX tools for LaTeX (JAW)
\etb@tempcnta=\count308
) (/usr/local/texlive/2024/texmf-dist/tex/generic/stringenc/stringenc.sty
Package: stringenc 2019/11/29 v1.12 Convert strings between diff. encodings (HO)
)
\@linkdim=\dimen261
\Hy@linkcounter=\count309
\Hy@pagecounter=\count310
 (/usr/local/texlive/2024/texmf-dist/tex/latex/hyperref/pd1enc.def
File: pd1enc.def 2024-11-05 v7.01l Hyperref: PDFDocEncoding definition (HO)
Now handling font encoding PD1 ...
... no UTF-8 mapping file for font encoding PD1
) (/usr/local/texlive/2024/texmf-dist/tex/generic/intcalc/intcalc.sty
Package: intcalc 2019/12/15 v1.3 Expandable calculations with integers (HO)
)
\Hy@SavedSpaceFactor=\count311
 (/usr/local/texlive/2024/texmf-dist/tex/latex/hyperref/puenc.def
File: puenc.def 2024-11-05 v7.01l Hyperref: PDF Unicode definition (HO)
Now handling font encoding PU ...
... no UTF-8 mapping file for font encoding PU
)
Package hyperref Info: Hyper figures OFF on input line 4157.
Package hyperref Info: Link nesting OFF on input line 4162.
Package hyperref Info: Hyper index ON on input line 4165.
Package hyperref Info: Plain pages OFF on input line 4172.
Package hyperref Info: Backreferencing OFF on input line 4177.
Package hyperref Info: Implicit mode ON; LaTeX internals redefined.
Package hyperref Info: Bookmarks ON on input line 4424.
\c@Hy@tempcnt=\count312
LaTeX Info: Redefining \url on input line 4763.
\XeTeXLinkMargin=\dimen262
 (/usr/local/texlive/2024/texmf-dist/tex/generic/bitset/bitset.sty
Package: bitset 2019/12/09 v1.3 Handle bit-vector datatype (HO)
 (/usr/local/texlive/2024/texmf-dist/tex/generic/bigintcalc/bigintcalc.sty
Package: bigintcalc 2019/12/15 v1.5 Expandable calculations on big integers (HO)
))
\Fld@menulength=\count313
\Field@Width=\dimen263
\Fld@charsize=\dimen264
Package hyperref Info: Hyper figures OFF on input line 6042.
Package hyperref Info: Link nesting OFF on input line 6047.
Package hyperref Info: Hyper index ON on input line 6050.
Package hyperref Info: backreferencing OFF on input line 6057.
Package hyperref Info: Link coloring OFF on input line 6062.
Package hyperref Info: Link coloring with OCG OFF on input line 6067.
Package hyperref Info: PDF/A mode OFF on input line 6072.
 (/usr/local/texlive/2024/texmf-dist/tex/latex/base/atbegshi-ltx.sty
Package: atbegshi-ltx 2021/01/10 v1.0c Emulation of the original atbegshi
package with kernel methods
)
\Hy@abspage=\count314
\c@Item=\count315
\c@Hfootnote=\count316
)
Package hyperref Info: Driver (autodetected): hpdftex.
 (/usr/local/texlive/2024/texmf-dist/tex/latex/hyperref/hpdftex.def
File: hpdftex.def 2024-11-05 v7.01l Hyperref driver for pdfTeX
 (/usr/local/texlive/2024/texmf-dist/tex/latex/base/atveryend-ltx.sty
Package: atveryend-ltx 2020/08/19 v1.0a Emulation of the original atveryend package
with kernel methods
)
\Fld@listcount=\count317
\c@bookmark@seq@number=\count318
 (/usr/local/texlive/2024/texmf-dist/tex/latex/rerunfilecheck/rerunfilecheck.sty
Package: rerunfilecheck 2022-07-10 v1.10 Rerun checks for auxiliary files (HO)
 (/usr/local/texlive/2024/texmf-dist/tex/generic/uniquecounter/uniquecounter.sty
Package: uniquecounter 2019/12/15 v1.4 Provide unlimited unique counter (HO)
)
Package uniquecounter Info: New unique counter `rerunfilecheck' on input line 285.
)
\Hy@SectionHShift=\skip63
) (/usr/local/texlive/2024/texmf-dist/tex/latex/tools/enumerate.sty
Package: enumerate 2023/07/04 v3.00 enumerate extensions (DPC)
\@enLab=\toks41
) (/usr/local/texlive/2024/texmf-dist/tex/latex/siunitx/siunitx.sty
Package: siunitx 2024-12-06 v3.4.0 A comprehensive (SI) units package
\l__siunitx_number_uncert_offset_int=\count319
\l__siunitx_number_exponent_fixed_int=\count320
\l__siunitx_number_min_decimal_int=\count321
\l__siunitx_number_min_integer_int=\count322
\l__siunitx_number_round_precision_int=\count323
\l__siunitx_number_lower_threshold_int=\count324
\l__siunitx_number_upper_threshold_int=\count325
\l__siunitx_number_group_first_int=\count326
\l__siunitx_number_group_size_int=\count327
\l__siunitx_number_group_minimum_int=\count328
\l__siunitx_angle_tmp_dim=\dimen265
\l__siunitx_angle_marker_box=\box79
\l__siunitx_angle_unit_box=\box80
\l__siunitx_compound_count_int=\count329
 (/usr/local/texlive/2024/texmf-dist/tex/latex/translations/translations.sty
Package: translations 2022/02/05 v1.12 internationalization of LaTeX2e packages (CN)
)
\l__siunitx_table_tmp_box=\box81
\l__siunitx_table_tmp_dim=\dimen266
\l__siunitx_table_column_width_dim=\dimen267
\l__siunitx_table_integer_box=\box82
\l__siunitx_table_decimal_box=\box83
\l__siunitx_table_uncert_box=\box84
\l__siunitx_table_before_box=\box85
\l__siunitx_table_after_box=\box86
\l__siunitx_table_before_dim=\dimen268
\l__siunitx_table_carry_dim=\dimen269
\l__siunitx_unit_tmp_int=\count330
\l__siunitx_unit_position_int=\count331
\l__siunitx_unit_total_int=\count332
) (/usr/local/texlive/2024/texmf-dist/tex/latex/breakurl/breakurl.sty
Package: breakurl 2013/04/10 v1.40 Breakable hyperref URLs
 (/usr/local/texlive/2024/texmf-dist/tex/latex/xkeyval/xkeyval.sty
Package: xkeyval 2022/06/16 v2.9 package option processing (HA)
 (/usr/local/texlive/2024/texmf-dist/tex/generic/xkeyval/xkeyval.tex (/usr/local/texlive/2024/texmf-dist/tex/generic/xkeyval/xkvutils.tex
\XKV@toks=\toks42
\XKV@tempa@toks=\toks43
)
\XKV@depth=\count333
File: xkeyval.tex 2014/12/03 v2.7a key=value parser (HA)
)) (/usr/local/texlive/2024/texmf-dist/tex/generic/iftex/ifpdf.sty
Package: ifpdf 2019/10/25 v3.4 ifpdf legacy package. Use iftex instead.
)

Package breakurl Warning: You are using breakurl while processing via pdflatex.
(breakurl)                \burl will be just a synonym of \url.
(breakurl)                 on input line 48.

) (/usr/local/texlive/2024/texmf-dist/tex/latex/epstopdf-pkg/epstopdf.sty
Package: epstopdf 2020-01-24 v2.11 Conversion with epstopdf on the fly (HO)
 (/usr/local/texlive/2024/texmf-dist/tex/latex/grfext/grfext.sty
Package: grfext 2019/12/03 v1.3 Manage graphics extensions (HO)
) (/usr/local/texlive/2024/texmf-dist/tex/latex/epstopdf-pkg/epstopdf-base.sty
Package: epstopdf-base 2020-01-24 v2.11 Base part for package epstopdf
Package epstopdf-base Info: Redefining graphics rule for `.eps' on input line 485.
Package grfext Info: Graphics extension search list:
(grfext)             [.pdf,.png,.jpg,.mps,.jpeg,.jbig2,.jb2,.PDF,.PNG,.JPG,.JPEG,.JBIG2,.JB2,.eps]
(grfext)             \AppendGraphicsExtensions on input line 504.
 (/usr/local/texlive/2024/texmf-dist/tex/latex/latexconfig/epstopdf-sys.cfg
File: epstopdf-sys.cfg 2010/07/13 v1.3 Configuration of (r)epstopdf for TeX Live
))) (/usr/local/texlive/2024/texmf-dist/tex/latex/pbox/pbox.sty
Package: pbox 2011/12/07 v1.2 Dynamic parboxes
 (/usr/local/texlive/2024/texmf-dist/tex/latex/tools/calc.sty
Package: calc 2023/07/08 v4.3 Infix arithmetic (KKT,FJ)
\calc@Acount=\count334
\calc@Bcount=\count335
\calc@Adimen=\dimen270
\calc@Bdimen=\dimen271
\calc@Askip=\skip64
\calc@Bskip=\skip65
LaTeX Info: Redefining \setlength on input line 80.
LaTeX Info: Redefining \addtolength on input line 81.
\calc@Ccount=\count336
\calc@Cskip=\skip66
) (/usr/local/texlive/2024/texmf-dist/tex/latex/base/ifthen.sty
Package: ifthen 2024/03/16 v1.1e Standard LaTeX ifthen package (DPC)
)
\pb@xlen=\skip67
) (/usr/local/texlive/2024/texmf-dist/tex/latex/amsfonts/amssymb.sty
Package: amssymb 2013/01/14 v3.01 AMS font symbols
 (/usr/local/texlive/2024/texmf-dist/tex/latex/amsfonts/amsfonts.sty
Package: amsfonts 2013/01/14 v3.01 Basic AMSFonts support
\symAMSa=\mathgroup4
\symAMSb=\mathgroup5
LaTeX Font Info:    Redeclaring math symbol \hbar on input line 98.
LaTeX Font Info:    Overwriting math alphabet `\mathfrak' in version `bold'
(Font)                  U/euf/m/n --> U/euf/b/n on input line 106.
)) (/usr/local/texlive/2024/texmf-dist/tex/latex/amscls/amsthm.sty
Package: amsthm 2020/05/29 v2.20.6
\thm@style=\toks44
\thm@bodyfont=\toks45
\thm@headfont=\toks46
\thm@notefont=\toks47
\thm@headpunct=\toks48
\thm@preskip=\skip68
\thm@postskip=\skip69
\thm@headsep=\skip70
\dth@everypar=\toks49
) (/usr/local/texlive/2024/texmf-dist/tex/latex/xcolor/xcolor.sty
Package: xcolor 2024/09/29 v3.02 LaTeX color extensions (UK)
 (/usr/local/texlive/2024/texmf-dist/tex/latex/graphics-cfg/color.cfg
File: color.cfg 2016/01/02 v1.6 sample color configuration
)
Package xcolor Info: Driver file: pdftex.def on input line 274.
LaTeX Info: Redefining \color on input line 762.
 (/usr/local/texlive/2024/texmf-dist/tex/latex/graphics/mathcolor.ltx)
Package xcolor Info: Model `cmy' substituted by `cmy0' on input line 1349.
Package xcolor Info: Model `hsb' substituted by `rgb' on input line 1353.
Package xcolor Info: Model `RGB' extended on input line 1365.
Package xcolor Info: Model `HTML' substituted by `rgb' on input line 1367.
Package xcolor Info: Model `Hsb' substituted by `hsb' on input line 1368.
Package xcolor Info: Model `tHsb' substituted by `hsb' on input line 1369.
Package xcolor Info: Model `HSB' substituted by `hsb' on input line 1370.
Package xcolor Info: Model `Gray' substituted by `gray' on input line 1371.
Package xcolor Info: Model `wave' substituted by `hsb' on input line 1372.
)
\c@theorem=\count337
\c@lemma=\count338
\c@remark=\count339
\c@definition=\count340
\c@assumption=\count341
 (/usr/local/texlive/2024/texmf-dist/tex/latex/algorithm2e/algorithm2e.sty
Package: algorithm2e 2017/07/18 v5.2 algorithms environments
\c@AlgoLine=\count342
\algocf@hangindent=\skip71
 (/usr/local/texlive/2024/texmf-dist/tex/latex/ifoddpage/ifoddpage.sty
Package: ifoddpage 2022/10/18 v1.2 Conditionals for odd/even page detection
\c@checkoddpage=\count343
) (/usr/local/texlive/2024/texmf-dist/tex/latex/tools/xspace.sty
Package: xspace 2014/10/28 v1.13 Space after command names (DPC,MH)
) (/usr/local/texlive/2024/texmf-dist/tex/latex/relsize/relsize.sty
Package: relsize 2013/03/29 ver 4.1
)
\skiptotal=\skip72
\skiplinenumber=\skip73
\skiprule=\skip74
\skiphlne=\skip75
\skiptext=\skip76
\skiplength=\skip77
\algomargin=\skip78
\skipalgocfslide=\skip79
\algowidth=\dimen272
\inoutsize=\dimen273
\inoutindent=\dimen274
\interspacetitleruled=\dimen275
\interspacealgoruled=\dimen276
\interspacetitleboxruled=\dimen277
\algocf@ruledwidth=\skip80
\algocf@inoutbox=\box87
\algocf@inputbox=\box88
\AlCapSkip=\skip81
\AlCapHSkip=\skip82
\algoskipindent=\skip83
\algocf@nlbox=\box89
\algocf@hangingbox=\box90
\algocf@untilbox=\box91
\algocf@skipuntil=\skip84
\algocf@capbox=\box92
\algocf@lcaptionbox=\skip85
\algoheightruledefault=\skip86
\algoheightrule=\skip87
\algotitleheightruledefault=\skip88
\algotitleheightrule=\skip89
\c@algocfline=\count344
\c@algocfproc=\count345
\c@algocf=\count346
\algocf@algoframe=\box93
\algocf@algobox=\box94
) (/usr/local/texlive/2024/texmf-dist/tex/latex/subfigure/subfigure.sty
Package: subfigure 2002/03/15 v2.1.5 subfigure package
\subfigtopskip=\skip90
\subfigcapskip=\skip91
\subfigcaptopadj=\dimen278
\subfigbottomskip=\skip92
\subfigcapmargin=\dimen279
\subfiglabelskip=\skip93
\c@subfigure=\count347
\c@lofdepth=\count348
\c@subtable=\count349
\c@lotdepth=\count350

****************************************
* Local config file subfigure.cfg used *
****************************************
(/usr/local/texlive/2024/texmf-dist/tex/latex/subfigure/subfigure.cfg)
\subfig@top=\skip94
\subfig@bottom=\skip95
) (./include_symbols/MySymbols_GeneralMath.tex) (./include_symbols/MySymbols_GeneralDefinitions.tex) (./include_symbols/MySymbols_Controlsystems.tex) (./include_symbols/MySymbols_MPC.tex) (./include_symbols/MySymbols_ThreePhaseSystems.tex) (./include_symbols/MySymbols_PowerElectronics.tex) (./include_symbols/MySymbols_ElectricalDrives.tex)
Package translations Info: No language package found. I am going to use `english' as default language. on input line 51.
 (/usr/local/texlive/2024/texmf-dist/tex/latex/l3backend/l3backend-pdftex.def
File: l3backend-pdftex.def 2024-05-08 L3 backend support: PDF output (pdfTeX)
\l__color_backend_stack_int=\count351
\l__pdf_internal_box=\box95
) (./main.aux

LaTeX Warning: Label `eq:NMPC2 final e' multiply defined.


LaTeX Warning: Label `tab:Comparison of LBNLP, SQP and ALM' multiply defined.

)
\openout1 = `main.aux'.

LaTeX Font Info:    Checking defaults for OML/cmm/m/it on input line 51.
LaTeX Font Info:    ... okay on input line 51.
LaTeX Font Info:    Checking defaults for OMS/cmsy/m/n on input line 51.
LaTeX Font Info:    ... okay on input line 51.
LaTeX Font Info:    Checking defaults for OT1/cmr/m/n on input line 51.
LaTeX Font Info:    ... okay on input line 51.
LaTeX Font Info:    Checking defaults for T1/cmr/m/n on input line 51.
LaTeX Font Info:    ... okay on input line 51.
LaTeX Font Info:    Checking defaults for TS1/cmr/m/n on input line 51.
LaTeX Font Info:    ... okay on input line 51.
LaTeX Font Info:    Checking defaults for OMX/cmex/m/n on input line 51.
LaTeX Font Info:    ... okay on input line 51.
LaTeX Font Info:    Checking defaults for U/cmr/m/n on input line 51.
LaTeX Font Info:    ... okay on input line 51.
LaTeX Font Info:    Checking defaults for PD1/pdf/m/n on input line 51.
LaTeX Font Info:    ... okay on input line 51.
LaTeX Font Info:    Checking defaults for PU/pdf/m/n on input line 51.
LaTeX Font Info:    ... okay on input line 51.

-- Lines per column: 58 (exact).
(/usr/local/texlive/2024/texmf-dist/tex/context/base/mkii/supp-pdf.mkii
[Loading MPS to PDF converter (version 2006.09.02).]
\scratchcounter=\count352
\scratchdimen=\dimen280
\scratchbox=\box96
\nofMPsegments=\count353
\nofMParguments=\count354
\everyMPshowfont=\toks50
\MPscratchCnt=\count355
\MPscratchDim=\dimen281
\MPnumerator=\count356
\makeMPintoPDFobject=\count357
\everyMPtoPDFconversion=\toks51
)
Package hyperref Info: Link coloring OFF on input line 51.
 (./main.out) (./main.out)
\@outlinefile=\write3
\openout3 = `main.out'.

 (/usr/local/texlive/2024/texmf-dist/tex/latex/translations/translations-basic-dictionary-english.trsl
File: translations-basic-dictionary-english.trsl (english translation file `translations-basic-dictionary')
)
Package translations Info: loading dictionary `translations-basic-dictionary' for `english'. on input line 51.
LaTeX Font Info:    Trying to load font information for OT1+phv on input line 74.
 (/usr/local/texlive/2024/texmf-dist/tex/latex/psnfss/ot1phv.fd
File: ot1phv.fd 2020/03/25 scalable font definitions for OT1/phv.
)
LaTeX Font Info:    Font shape `OT1/phv/m/it' in size <11> not available
(Font)              Font shape `OT1/phv/m/sl' tried instead on input line 74.
LaTeX Font Info:    Font shape `OT1/phv/b/it' in size <9> not available
(Font)              Font shape `OT1/phv/b/sl' tried instead on input line 75.

Underfull \hbox (badness 2165) in paragraph at lines 79--81
\OT1/phv/b/n/9 dic-tive con-trol (NMPC), non-lin-ear pro-gram-ming (NLP),
 []


Underfull \hbox (badness 1661) in paragraph at lines 113--114
[]\OT1/ptm/m/n/10 Typical nu-mer-i-cal ap-proaches for NLP are se-quen-tial
 []





[1{/usr/local/texlive/2024/texmf-var/fonts/map/pdftex/updmap/pdftex.map}{/usr/local/texlive/2024/texmf-dist/fonts/enc/dvips/base/8r.enc}


]
LaTeX Font Info:    Font shape `OT1/phv/m/it' in size <10> not available
(Font)              Font shape `OT1/phv/m/sl' tried instead on input line 132.
LaTeX Font Info:    Trying to load font information for U+msa on input line 136.
 (/usr/local/texlive/2024/texmf-dist/tex/latex/amsfonts/umsa.fd
File: umsa.fd 2013/01/14 v3.01 AMS symbols A
)
LaTeX Font Info:    Trying to load font information for U+msb on input line 136.
 (/usr/local/texlive/2024/texmf-dist/tex/latex/amsfonts/umsb.fd
File: umsb.fd 2013/01/14 v3.01 AMS symbols B
)
Underfull \hbox (badness 1590) in paragraph at lines 164--168
\OT1/ptm/m/n/10 pact-ness all mul-ti-pli-ers and con-straints are col-lected in
 []




LaTeX Font Warning: Command \small invalid in math mode on input line 217.


LaTeX Font Warning: Command \small invalid in math mode on input line 217.



[2]

LaTeX Font Warning: Command \scriptsize invalid in math mode on input line 235.


LaTeX Font Warning: Command \scriptsize invalid in math mode on input line 235.


Underfull \hbox (badness 1867) in paragraph at lines 235--237
\OT1/ptm/m/n/10 for $[]\OT1/cmr/m/n/10 ^^A[][\OML/cmm/m/it/10 k\OT1/cmr/m/n/10 ][]\OML/cmm/m/it/10 ; \OT1/cmr/m/n/10 ^^A[][\OML/cmm/m/it/10 k\OT1/cmr/m/n/10 ][][][]$ \OT1/ptm/m/n/10 where $\OT1/cmr/m/n/10 ^^A[][\OML/cmm/m/it/10 k\OT1/cmr/m/n/10 ] := [][\OML/cmm/m/it/10 k  \OT1/cmr/m/n/10 +  1] \OMS/cmsy/m/n/10 ^^@
 []





[3]

LaTeX Font Info:    Trying to load font information for OMS+ptm on input line 510.
(/usr/local/texlive/2024/texmf-dist/tex/latex/psnfss/omsptm.fd
File: omsptm.fd 
)
LaTeX Font Info:    Font shape `OMS/ptm/m/n' in size <10> not available
(Font)              Font shape `OMS/cmsy/m/n' tried instead on input line 510.


[4
pdfTeX warning (ext4): destination with the same identifier (name{equation.28}) has been already used, duplicate ignored
<argument> ...shipout:D \box_use:N \l_shipout_box 
                                                  \__shipout_drop_firstpage_...
l.560 
      ]
pdfTeX warning (ext4): destination with the same identifier (name{equation.28}) has been already used, duplicate ignored
<to be read again> 
                   \relax 
l.567 \end{align}
                 



[5]

LaTeX Font Warning: Command \tiny invalid in math mode on input line 805.




Underfull \hbox (badness 3199) in paragraph at lines 836--840
\OT1/ptm/m/n/10 and will be ap-plied for dif-fer-en-tial in-duc-tance ma-trix
 []



[6]

LaTeX Warning: Reference `subsec:target_prob' on page 7 undefined on input line 888.


LaTeX Warning: Reference `eq:NMPC2_5' on page 7 undefined on input line 892.

Package epstopdf Info: Source file: <figs/Fig_SQP_MTPA.eps>
(epstopdf)                    date: 2024-12-18 12:40:22
(epstopdf)                    size: 63055 bytes
(epstopdf)             Output file: <figs/Fig_SQP_MTPA-eps-converted-to.pdf>
(epstopdf)                    date: 2024-12-18 13:41:06
(epstopdf)                    size: 59879 bytes
(epstopdf)             Command: <repstopdf --outfile=figs/Fig_SQP_MTPA-eps-converted-to.pdf figs/Fig_SQP_MTPA.eps>
(epstopdf)             \includegraphics on input line 898.
Package epstopdf Info: Output file is already uptodate.
<figs/Fig_SQP_MTPA-eps-converted-to.pdf, id=427, 421.575pt x 251.94125pt>
File: figs/Fig_SQP_MTPA-eps-converted-to.pdf Graphic file (type pdf)
<use figs/Fig_SQP_MTPA-eps-converted-to.pdf>
Package pdftex.def Info: figs/Fig_SQP_MTPA-eps-converted-to.pdf  used on input line 898.
(pdftex.def)             Requested size: 214.20154pt x 128.01163pt.
Package epstopdf Info: Source file: <figs/Fig_SQP_FW.eps>
(epstopdf)                    date: 2024-12-18 12:40:22
(epstopdf)                    size: 62558 bytes
(epstopdf)             Output file: <figs/Fig_SQP_FW-eps-converted-to.pdf>
(epstopdf)                    date: 2024-12-18 13:41:07
(epstopdf)                    size: 60765 bytes
(epstopdf)             Command: <repstopdf --outfile=figs/Fig_SQP_FW-eps-converted-to.pdf figs/Fig_SQP_FW.eps>
(epstopdf)             \includegraphics on input line 901.
Package epstopdf Info: Output file is already uptodate.
<figs/Fig_SQP_FW-eps-converted-to.pdf, id=428, 421.575pt x 250.9375pt>
File: figs/Fig_SQP_FW-eps-converted-to.pdf Graphic file (type pdf)
<use figs/Fig_SQP_FW-eps-converted-to.pdf>
Package pdftex.def Info: figs/Fig_SQP_FW-eps-converted-to.pdf  used on input line 901.
(pdftex.def)             Requested size: 214.20154pt x 127.50162pt.
Package epstopdf Info: Source file: <figs/Fig_ALM_MTPA.eps>
(epstopdf)                    date: 2024-12-18 12:40:22
(epstopdf)                    size: 63135 bytes
(epstopdf)             Output file: <figs/Fig_ALM_MTPA-eps-converted-to.pdf>
(epstopdf)                    date: 2024-12-18 13:41:07
(epstopdf)                    size: 59995 bytes
(epstopdf)             Command: <repstopdf --outfile=figs/Fig_ALM_MTPA-eps-converted-to.pdf figs/Fig_ALM_MTPA.eps>
(epstopdf)             \includegraphics on input line 909.
Package epstopdf Info: Output file is already uptodate.
<figs/Fig_ALM_MTPA-eps-converted-to.pdf, id=429, 421.575pt x 251.94125pt>
File: figs/Fig_ALM_MTPA-eps-converted-to.pdf Graphic file (type pdf)
<use figs/Fig_ALM_MTPA-eps-converted-to.pdf>
Package pdftex.def Info: figs/Fig_ALM_MTPA-eps-converted-to.pdf  used on input line 909.
(pdftex.def)             Requested size: 214.20154pt x 128.01163pt.
Package epstopdf Info: Source file: <figs/Fig_ALM_FW.eps>
(epstopdf)                    date: 2024-12-18 12:40:22
(epstopdf)                    size: 58908 bytes
(epstopdf)             Output file: <figs/Fig_ALM_FW-eps-converted-to.pdf>
(epstopdf)                    date: 2024-12-18 13:41:08
(epstopdf)                    size: 56949 bytes
(epstopdf)             Command: <repstopdf --outfile=figs/Fig_ALM_FW-eps-converted-to.pdf figs/Fig_ALM_FW.eps>
(epstopdf)             \includegraphics on input line 912.
Package epstopdf Info: Output file is already uptodate.
<figs/Fig_ALM_FW-eps-converted-to.pdf, id=430, 421.575pt x 250.9375pt>
File: figs/Fig_ALM_FW-eps-converted-to.pdf Graphic file (type pdf)
<use figs/Fig_ALM_FW-eps-converted-to.pdf>
Package pdftex.def Info: figs/Fig_ALM_FW-eps-converted-to.pdf  used on input line 912.
(pdftex.def)             Requested size: 214.20154pt x 127.50162pt.



LaTeX Warning: Reference `eq:NMPC2_3' on page 7 undefined on input line 927.


LaTeX Warning: Reference `eq:NMPC2_5' on page 7 undefined on input line 929.



[7 <./figs/Fig_SQP_MTPA-eps-converted-to.pdf> <./figs/Fig_SQP_FW-eps-converted-to.pdf>]

LaTeX Warning: Reference `Fig9' on page 8 undefined on input line 936.


LaTeX Warning: Reference `Fig2b' on page 8 undefined on input line 936.


LaTeX Warning: Reference `Fig5b' on page 8 undefined on input line 936.


LaTeX Warning: Reference `Fig7b' on page 8 undefined on input line 936.



Package epstopdf Info: Source file: <figs/Fig_UL1_MTPA.eps>
(epstopdf)                    date: 2024-12-18 12:40:22
(epstopdf)                    size: 58666 bytes
(epstopdf)             Output file: <figs/Fig_UL1_MTPA-eps-converted-to.pdf>
(epstopdf)                    date: 2024-12-18 13:41:09
(epstopdf)                    size: 55357 bytes
(epstopdf)             Command: <repstopdf --outfile=figs/Fig_UL1_MTPA-eps-converted-to.pdf figs/Fig_UL1_MTPA.eps>
(epstopdf)             \includegraphics on input line 968.
Package epstopdf Info: Output file is already uptodate.
<figs/Fig_UL1_MTPA-eps-converted-to.pdf, id=468, 421.575pt x 251.94125pt>
File: figs/Fig_UL1_MTPA-eps-converted-to.pdf Graphic file (type pdf)
<use figs/Fig_UL1_MTPA-eps-converted-to.pdf>
Package pdftex.def Info: figs/Fig_UL1_MTPA-eps-converted-to.pdf  used on input line 968.
(pdftex.def)             Requested size: 221.76123pt x 132.5287pt.
Package epstopdf Info: Source file: <figs/Fig_UL1_FW.eps>
(epstopdf)                    date: 2024-12-18 12:40:22
(epstopdf)                    size: 59193 bytes
(epstopdf)             Output file: <figs/Fig_UL1_FW-eps-converted-to.pdf>
(epstopdf)                    date: 2024-12-18 13:41:10
(epstopdf)                    size: 56911 bytes
(epstopdf)             Command: <repstopdf --outfile=figs/Fig_UL1_FW-eps-converted-to.pdf figs/Fig_UL1_FW.eps>
(epstopdf)             \includegraphics on input line 971.
Package epstopdf Info: Output file is already uptodate.
<figs/Fig_UL1_FW-eps-converted-to.pdf, id=469, 421.575pt x 251.94125pt>
File: figs/Fig_UL1_FW-eps-converted-to.pdf Graphic file (type pdf)
<use figs/Fig_UL1_FW-eps-converted-to.pdf>
Package pdftex.def Info: figs/Fig_UL1_FW-eps-converted-to.pdf  used on input line 971.
(pdftex.def)             Requested size: 221.76123pt x 132.5287pt.
Package epstopdf Info: Source file: <figs/Fig_LBNLP_MTPA.eps>
(epstopdf)                    date: 2024-12-18 12:40:22
(epstopdf)                    size: 57353 bytes
(epstopdf)             Output file: <figs/Fig_LBNLP_MTPA-eps-converted-to.pdf>
(epstopdf)                    date: 2024-12-18 13:41:11
(epstopdf)                    size: 53980 bytes
(epstopdf)             Command: <repstopdf --outfile=figs/Fig_LBNLP_MTPA-eps-converted-to.pdf figs/Fig_LBNLP_MTPA.eps>
(epstopdf)             \includegraphics on input line 979.
Package epstopdf Info: Output file is already uptodate.
<figs/Fig_LBNLP_MTPA-eps-converted-to.pdf, id=470, 421.575pt x 251.94125pt>
File: figs/Fig_LBNLP_MTPA-eps-converted-to.pdf Graphic file (type pdf)
<use figs/Fig_LBNLP_MTPA-eps-converted-to.pdf>
Package pdftex.def Info: figs/Fig_LBNLP_MTPA-eps-converted-to.pdf  used on input line 979.
(pdftex.def)             Requested size: 221.76123pt x 132.5287pt.
Package epstopdf Info: Source file: <figs/Fig_LBNLP_FW.eps>
(epstopdf)                    date: 2024-12-18 12:40:22
(epstopdf)                    size: 57891 bytes
(epstopdf)             Output file: <figs/Fig_LBNLP_FW-eps-converted-to.pdf>
(epstopdf)                    date: 2024-12-18 13:41:11
(epstopdf)                    size: 55636 bytes
(epstopdf)             Command: <repstopdf --outfile=figs/Fig_LBNLP_FW-eps-converted-to.pdf figs/Fig_LBNLP_FW.eps>
(epstopdf)             \includegraphics on input line 982.
Package epstopdf Info: Output file is already uptodate.
<figs/Fig_LBNLP_FW-eps-converted-to.pdf, id=471, 421.575pt x 250.9375pt>
File: figs/Fig_LBNLP_FW-eps-converted-to.pdf Graphic file (type pdf)
<use figs/Fig_LBNLP_FW-eps-converted-to.pdf>
Package pdftex.def Info: figs/Fig_LBNLP_FW-eps-converted-to.pdf  used on input line 982.
(pdftex.def)             Requested size: 221.76123pt x 132.00069pt.
(./main.bbl
Underfull \hbox (badness 1735) in paragraph at lines 39--40
[]\OT1/ptm/m/n/8 P. Sri-vas-tava and J. Cort[]es, ``Nes-terov ac-cel-er-a-tion for equality-
 []



[8 <./figs/Fig_ALM_MTPA-eps-converted-to.pdf> <./figs/Fig_ALM_FW-eps-converted-to.pdf>]
Underfull \hbox (badness 5460) in paragraph at lines 57--58
\OT1/ptm/m/n/8 syn-chronous ma-chines,'' \OT1/ptm/m/it/8 In-ter-na-tional Jour-nal of Con-trol\OT1/ptm/m/n/8 , []DOI
 []

)



[leftcolumn badness]: 1000000 on 0.55618pt
[rightcolumn badness]: 1000000 on 0.55618pt
[leftcolumn badness]: 1000000 on 0.55618pt
[rightcolumn badness]: 1000000 on 0.55618pt
[leftcolumn badness]: 1000000 on 0.55618pt
[rightcolumn badness]: 1000000 on 0.55618pt
[leftcolumn badness]: 1000000 on 0.55618pt
[rightcolumn badness]: 1000000 on 0.55618pt
[leftcolumn badness]: 1000000 on 0.55618pt
[rightcolumn badness]: 1000000 on 0.55618pt
- LAST -
Extra skip:17.44382pt
Left:473.58105pt/0.0pt
Right:456.13724pt/0.0pt
Split: 377.30534pt
Output:377.30534pt
Pageshrink: 0.0pt
Pagestretch: 0.0pt
@colht:696.0pt
FLUSHEND [output]: 467.49318pt
FLUSHEND [leftcolumn badness]: 92
FUSHEND [rightcolumn badness]: 10000
[9 <./figs/Fig_UL1_MTPA-eps-converted-to.pdf> <./figs/Fig_UL1_FW-eps-converted-to.pdf> <./figs/Fig_LBNLP_MTPA-eps-converted-to.pdf> <./figs/Fig_LBNLP_FW-eps-converted-to.pdf>] (./main.aux)
 ***********
LaTeX2e <2024-11-01> patch level 1
L3 programming layer <2024-11-02>
 ***********


LaTeX Warning: There were undefined references.


LaTeX Warning: There were multiply-defined labels.

Package rerunfilecheck Info: File `main.out' has not changed.
(rerunfilecheck)             Checksum: 0BE1D7D9DAE93D8E80EEF1AB0D4C8414;4265.
 ) 
Here is how much of TeX's memory you used:
 20508 strings out of 473330
 369277 string characters out of 5719762
 823867 words of memory out of 5000000
 43182 multiletter control sequences out of 15000+600000
 616742 words of font info for 144 fonts, out of 8000000 for 9000
 1141 hyphenation exceptions out of 8191
 75i,27n,79p,1254b,1179s stack positions out of 10000i,1000n,20000p,200000b,200000s
</usr/local/texlive/2024/texmf-dist/fonts/type1/public/amsfonts/cm/cmbx10.pfb></usr/local/texlive/2024/texmf-dist/fonts/type1/public/amsfonts/cm/cmex10.pfb></usr/local/texlive/2024/texmf-dist/fonts/type1/public/amsfonts/cmextra/cmex7.pfb></usr/local/texlive/2024/texmf-dist/fonts/type1/public/amsfonts/cmextra/cmex8.pfb></usr/local/texlive/2024/texmf-dist/fonts/type1/public/amsfonts/cm/cmmi10.pfb></usr/local/texlive/2024/texmf-dist/fonts/type1/public/amsfonts/cm/cmmi5.pfb></usr/local/texlive/2024/texmf-dist/fonts/type1/public/amsfonts/cm/cmmi6.pfb></usr/local/texlive/2024/texmf-dist/fonts/type1/public/amsfonts/cm/cmmi7.pfb></usr/local/texlive/2024/texmf-dist/fonts/type1/public/amsfonts/cm/cmmi8.pfb></usr/local/texlive/2024/texmf-dist/fonts/type1/public/amsfonts/cm/cmmib10.pfb></usr/local/texlive/2024/texmf-dist/fonts/type1/public/amsfonts/cmextra/cmmib5.pfb></usr/local/texlive/2024/texmf-dist/fonts/type1/public/amsfonts/cmextra/cmmib7.pfb></usr/local/texlive/2024/texmf-dist/fonts/type1/public/amsfonts/cmextra/cmmib8.pfb></usr/local/texlive/2024/texmf-dist/fonts/type1/public/amsfonts/cm/cmr10.pfb></usr/local/texlive/2024/texmf-dist/fonts/type1/public/amsfonts/cm/cmr5.pfb></usr/local/texlive/2024/texmf-dist/fonts/type1/public/amsfonts/cm/cmr6.pfb></usr/local/texlive/2024/texmf-dist/fonts/type1/public/amsfonts/cm/cmr7.pfb></usr/local/texlive/2024/texmf-dist/fonts/type1/public/amsfonts/cm/cmr8.pfb></usr/local/texlive/2024/texmf-dist/fonts/type1/public/amsfonts/cm/cmsy10.pfb></usr/local/texlive/2024/texmf-dist/fonts/type1/public/amsfonts/cm/cmsy5.pfb></usr/local/texlive/2024/texmf-dist/fonts/type1/public/amsfonts/cm/cmsy6.pfb></usr/local/texlive/2024/texmf-dist/fonts/type1/public/amsfonts/cm/cmsy7.pfb></usr/local/texlive/2024/texmf-dist/fonts/type1/public/amsfonts/cm/cmsy8.pfb></usr/local/texlive/2024/texmf-dist/fonts/type1/public/amsfonts/symbols/msbm10.pfb></usr/local/texlive/2024/texmf-dist/fonts/type1/public/amsfonts/symbols/msbm5.pfb></usr/local/texlive/2024/texmf-dist/fonts/type1/public/amsfonts/symbols/msbm7.pfb></usr/local/texlive/2024/texmf-dist/fonts/type1/urw/helvetic/uhvb8a.pfb></usr/local/texlive/2024/texmf-dist/fonts/type1/urw/helvetic/uhvbo8a.pfb></usr/local/texlive/2024/texmf-dist/fonts/type1/urw/helvetic/uhvr8a.pfb></usr/local/texlive/2024/texmf-dist/fonts/type1/urw/helvetic/uhvro8a.pfb></usr/local/texlive/2024/texmf-dist/fonts/type1/urw/times/utmb8a.pfb></usr/local/texlive/2024/texmf-dist/fonts/type1/urw/times/utmr8a.pfb></usr/local/texlive/2024/texmf-dist/fonts/type1/urw/times/utmri8a.pfb>
Output written on main.pdf (9 pages, 853106 bytes).
PDF statistics:
 696 PDF objects out of 1000 (max. 8388607)
 512 compressed objects within 6 object streams
 146 named destinations out of 1000 (max. 500000)
 225 words of extra memory for PDF output out of 10000 (max. 10000000)

